<?xml version="1.0" encoding="UTF-8"?>
<!-- Generated by org.testng.reporters.JUnitReportReporter -->
<testsuite hostname="LAPTOP-AOULPL3Q" failures="0" tests="2" name="pac1.ContactTest" time="0.010" errors="0" timestamp="2025-03-05T11:04:02 IST" skipped="0">
  <testcase classname="pac1.ContactTest" name="modifyContactTest" time="0.003"/>
  <testcase classname="pac1.ContactTest" name="createContactTest" time="0.007"/>
</testsuite> <!-- pac1.ContactTest -->
